some unexpected error ...
some unexpected error ...
some unexpected error ...
some unexpected error ...
some unexpected error ...
some unexpected error ...
some unexpected error ...
some new unexpected error ...
The using block is missing a closing "}" character.  Make sure you have a matching "}" character for all the "{" characters within this block, and that none of the "}" characters are being interpreted as markup.

The using block is missing a closing "}" character.  Make sure you have a matching "}" character for all the "{" characters within this block, and that none of the "}" characters are being interpreted as markup.

The using block is missing a closing "}" character.  Make sure you have a matching "}" character for all the "{" characters within this block, and that none of the "}" characters are being interpreted as markup.

d:\Important files\DocumentFinder\project\testMvcEshop\MvcEshop\Views\Account\Index.cshtml(25): error CS1660: Cannot convert lambda expression to type 'string' because it is not a delegate type
Entity of type "User" in state "Added" has the following validation errors:- Property: "FirstName", Error: "The نام field is required."- Property: "LastName", Error: "The نام خانوادگی field is required."
Entity of type "User" in state "Added" has the following validation errors:- Property: "Email", Error: "The ایمیل field is required."
d:\Important files\DocumentFinder\project\testMvcEshop\MvcEshop\Views\Account\Index.cshtml(12): error CS1061: 'System.Web.Mvc.HtmlHelper<System.Collections.Generic.IEnumerable<MvcEshop.Models.Account>>' does not contain a definition for 'DisplayModelPluralName' and no extension method 'DisplayModelPluralName' accepting a first argument of type 'System.Web.Mvc.HtmlHelper<System.Collections.Generic.IEnumerable<MvcEshop.Models.Account>>' could be found (are you missing a using directive or an assembly reference?)
d:\Important files\DocumentFinder\project\testMvcEshop\MvcEshop\Views\Account\Index.cshtml(12): error CS1061: 'System.Web.Mvc.HtmlHelper<System.Collections.Generic.IEnumerable<MvcEshop.Models.Account>>' does not contain a definition for 'DisplayModelPluralName' and no extension method 'DisplayModelPluralName' accepting a first argument of type 'System.Web.Mvc.HtmlHelper<System.Collections.Generic.IEnumerable<MvcEshop.Models.Account>>' could be found (are you missing a using directive or an assembly reference?)
d:\Important files\DocumentFinder\project\testMvcEshop\MvcEshop\Views\Account\Index.cshtml(12): error CS1061: 'System.Web.Mvc.HtmlHelper<System.Collections.Generic.IEnumerable<MvcEshop.Models.Account>>' does not contain a definition for 'DisplayModelPluralName' and no extension method 'DisplayModelPluralName' accepting a first argument of type 'System.Web.Mvc.HtmlHelper<System.Collections.Generic.IEnumerable<MvcEshop.Models.Account>>' could be found (are you missing a using directive or an assembly reference?)
Either ErrorMessageString or ErrorMessageResourceName must be set, but not both.
Attaching an entity of type 'MvcEshop.Models.Customer' failed because another entity of the same type already has the same primary key value. This can happen when using the 'Attach' method or setting the state of an entity to 'Unchanged' or 'Modified' if any entities in the graph have conflicting key values. This may be because some entities are new and have not yet received database-generated key values. In this case use the 'Add' method or the 'Added' entity state to track the graph and then set the state of non-new entities to 'Unchanged' or 'Modified' as appropriate.
Object reference not set to an instance of an object.
Value cannot be null or empty.
Parameter name: name
d:\Important files\DocumentFinder\project\testMvcEshop\MvcEshop\Views\Contract\Index.cshtml(14): error CS1660: Cannot convert lambda expression to type 'string' because it is not a delegate type
d:\Important files\DocumentFinder\project\testMvcEshop\MvcEshop\Views\Contract\Index.cshtml(14): error CS1660: Cannot convert lambda expression to type 'string' because it is not a delegate type
d:\Important files\DocumentFinder\project\testMvcEshop\MvcEshop\Views\Contract\Index.cshtml(14): error CS1660: Cannot convert lambda expression to type 'string' because it is not a delegate type
d:\Important files\DocumentFinder\project\testMvcEshop\MvcEshop\Views\Contract\Index.cshtml(14): error CS1660: Cannot convert lambda expression to type 'string' because it is not a delegate type
d:\Important files\DocumentFinder\project\testMvcEshop\MvcEshop\Views\Contract\Index.cshtml(15): error CS1660: Cannot convert lambda expression to type 'string' because it is not a delegate type
d:\Important files\DocumentFinder\project\testMvcEshop\MvcEshop\Views\Contract\Edit.cshtml(18): error CS1061: 'MvcEshop.Models.Contract' does not contain a definition for 'DateIssued' and no extension method 'DateIssued' accepting a first argument of type 'MvcEshop.Models.Contract' could be found (are you missing a using directive or an assembly reference?)
d:\Important files\DocumentFinder\project\testMvcEshop\MvcEshop\Views\Contract\Edit.cshtml(18): error CS1061: 'MvcEshop.Models.Contract' does not contain a definition for 'DateIssued' and no extension method 'DateIssued' accepting a first argument of type 'MvcEshop.Models.Contract' could be found (are you missing a using directive or an assembly reference?)
d:\Important files\DocumentFinder\project\testMvcEshop\MvcEshop\Views\Contract\Edit.cshtml(18): error CS1061: 'MvcEshop.Models.Contract' does not contain a definition for 'DateIssued' and no extension method 'DateIssued' accepting a first argument of type 'MvcEshop.Models.Contract' could be found (are you missing a using directive or an assembly reference?)
The model item passed into the dictionary is of type 'MvcEshop.ViewModels.Contract.CreateViewModel', but this dictionary requires a model item of type 'MvcEshop.Models.Contract'.
The ViewData item that has the key 'CustomerId' is of type 'System.Guid' but must be of type 'IEnumerable<SelectListItem>'.
The model item passed into the dictionary is null, but this dictionary requires a non-null model item of type 'System.DateTime'.
The model item passed into the dictionary is null, but this dictionary requires a non-null model item of type 'System.DateTime'.
The model item passed into the dictionary is null, but this dictionary requires a non-null model item of type 'System.DateTime'.
c:\Users\mohammad\Desktop\project\testMvcEshop\MvcEshop\Views\Contract\Details.cshtml(15): error CS1061: 'MvcEshop.Models.Contract' does not contain a definition for 'DateIssued' and no extension method 'DateIssued' accepting a first argument of type 'MvcEshop.Models.Contract' could be found (are you missing a using directive or an assembly reference?)
Object reference not set to an instance of an object.
The view 'testsendingemail' or its master was not found or no view engine supports the searched locations. The following locations were searched:
~/Views/home/testsendingemail.aspx
~/Views/home/testsendingemail.ascx
~/Views/Shared/testsendingemail.aspx
~/Views/Shared/testsendingemail.ascx
~/Views/home/testsendingemail.cshtml
~/Views/home/testsendingemail.vbhtml
~/Views/Shared/testsendingemail.cshtml
~/Views/Shared/testsendingemail.vbhtml
Object reference not set to an instance of an object.
c:\Users\mohammad\Desktop\project\testMvcEshop\MvcEshop\Views\Contract\Index.cshtml(16): error CS1660: Cannot convert lambda expression to type 'string' because it is not a delegate type
c:\Users\mohammad\AppData\Local\Temp\Temporary ASP.NET Files\root\05a9bbd9\1aab471d\App_Web_login.cshtml.65793277.uvx9gxk-.0.cs(576): error CS1513: } expected
c:\Users\mohammad\AppData\Local\Temp\Temporary ASP.NET Files\root\05a9bbd9\1aab471d\App_Web_login.cshtml.65793277.uvx9gxk-.0.cs(576): error CS1513: } expected
c:\Users\mohammad\AppData\Local\Temp\Temporary ASP.NET Files\root\05a9bbd9\1aab471d\App_Web_login.cshtml.65793277.13gapnka.0.cs(576): error CS1513: } expected
c:\Users\mohammad\AppData\Local\Temp\Temporary ASP.NET Files\root\05a9bbd9\1aab471d\App_Web_login.cshtml.65793277.kjimsnbq.0.cs(576): error CS1513: } expected
c:\Users\mohammad\AppData\Local\Temp\Temporary ASP.NET Files\root\05a9bbd9\1aab471d\App_Web_login.cshtml.65793277.ly2yijpv.0.cs(576): error CS1513: } expected
c:\Users\mohammad\AppData\Local\Temp\Temporary ASP.NET Files\root\05a9bbd9\1aab471d\App_Web_login.cshtml.65793277.azwy8euq.0.cs(576): error CS1513: } expected
The using block is missing a closing "}" character.  Make sure you have a matching "}" character for all the "{" characters within this block, and that none of the "}" characters are being interpreted as markup.

Encountered end tag "div" with no matching start tag.  Are your start/end tags properly balanced?

Object reference not set to an instance of an object.
Object reference not set to an instance of an object.
Object reference not set to an instance of an object.
Object reference not set to an instance of an object.
Object reference not set to an instance of an object.
Object reference not set to an instance of an object.
The provided anti-forgery token was meant for user "mohammadparsi@rocketmail.com", but the current user is "".
Object reference not set to an instance of an object.
Object reference not set to an instance of an object.
Failure sending mail.
Failure sending mail.
Failure sending mail.
Failure sending mail.
c:\Users\mohammad\Desktop\project\testMvcEshop\MvcEshop\Views\User\Login.cshtml(37): error CS1928: 'System.Web.Mvc.HtmlHelper<MvcEshop.ViewModels.User.LoginViewModel>' does not contain a definition for 'ValidationMessageFor' and the best extension method overload 'System.Web.Mvc.Html.ValidationExtensions.ValidationMessageFor<TModel,TProperty>(System.Web.Mvc.HtmlHelper<TModel>, System.Linq.Expressions.Expression<System.Func<TModel,TProperty>>, string)' has some invalid arguments
c:\Users\mohammad\Desktop\project\testMvcEshop\MvcEshop\Views\User\Login.cshtml(37): error CS1928: 'System.Web.Mvc.HtmlHelper<MvcEshop.ViewModels.User.LoginViewModel>' does not contain a definition for 'ValidationMessageFor' and the best extension method overload 'System.Web.Mvc.Html.ValidationExtensions.ValidationMessageFor<TModel,TProperty>(System.Web.Mvc.HtmlHelper<TModel>, System.Linq.Expressions.Expression<System.Func<TModel,TProperty>>, string)' has some invalid arguments
c:\Users\mohammad\Desktop\project\testMvcEshop\MvcEshop\Views\User\Login.cshtml(37): error CS1928: 'System.Web.Mvc.HtmlHelper<MvcEshop.ViewModels.User.LoginViewModel>' does not contain a definition for 'ValidationMessageFor' and the best extension method overload 'System.Web.Mvc.Html.ValidationExtensions.ValidationMessageFor<TModel,TProperty>(System.Web.Mvc.HtmlHelper<TModel>, System.Linq.Expressions.Expression<System.Func<TModel,TProperty>>, string)' has some invalid arguments
c:\Users\mohammad\Desktop\project\testMvcEshop\MvcEshop\Views\Contract\Create.cshtml(66): error CS1061: 'MvcEshop.ViewModels.Contract.CreateViewModel' does not contain a definition for 'NotificationEmail' and no extension method 'NotificationEmail' accepting a first argument of type 'MvcEshop.ViewModels.Contract.CreateViewModel' could be found (are you missing a using directive or an assembly reference?)
c:\Users\mohammad\Desktop\project\testMvcEshop\MvcEshop\Views\Contract\Create.cshtml(66): error CS1061: 'MvcEshop.ViewModels.Contract.CreateViewModel' does not contain a definition for 'NotificationEmail' and no extension method 'NotificationEmail' accepting a first argument of type 'MvcEshop.ViewModels.Contract.CreateViewModel' could be found (are you missing a using directive or an assembly reference?)
c:\Users\mohammad\Desktop\project\testMvcEshop\MvcEshop\Views\Contract\Index.cshtml(17): error CS0117: 'Resources.DisplayNames' does not contain a definition for 'Start'
c:\Users\mohammad\Desktop\project\testMvcEshop\MvcEshop\Views\Contract\Index.cshtml(17): error CS0117: 'Resources.DisplayNames' does not contain a definition for 'Start'
c:\Users\mohammad\Desktop\project\testMvcEshop\MvcEshop\Views\Contract\Index.cshtml(17): error CS0117: 'Resources.DisplayNames' does not contain a definition for 'Start'
The using block is missing a closing "}" character.  Make sure you have a matching "}" character for all the "{" characters within this block, and that none of the "}" characters are being interpreted as markup.

The view 'Delete' or its master was not found or no view engine supports the searched locations. The following locations were searched:
~/Views/Contract/Delete.aspx
~/Views/Contract/Delete.ascx
~/Views/Shared/Delete.aspx
~/Views/Shared/Delete.ascx
~/Views/Contract/Delete.cshtml
~/Views/Contract/Delete.vbhtml
~/Views/Shared/Delete.cshtml
~/Views/Shared/Delete.vbhtml
The underlying provider failed on Open.
Object reference not set to an instance of an object.
Unexpected "{" after "@" character. Once inside the body of a code block (@if {}, @{}, etc.) you do not need to use "@{" to switch to code.

Unexpected "{" after "@" character. Once inside the body of a code block (@if {}, @{}, etc.) you do not need to use "@{" to switch to code.

Unexpected "{" after "@" character. Once inside the body of a code block (@if {}, @{}, etc.) you do not need to use "@{" to switch to code.

Unexpected "{" after "@" character. Once inside the body of a code block (@if {}, @{}, etc.) you do not need to use "@{" to switch to code.

Unexpected "{" after "@" character. Once inside the body of a code block (@if {}, @{}, etc.) you do not need to use "@{" to switch to code.

Unexpected "using" keyword after "@" character.  Once inside code, you do not need to prefix constructs like "using" with "@".

Unexpected "using" keyword after "@" character.  Once inside code, you do not need to prefix constructs like "using" with "@".

Object reference not set to an instance of an object.
Object reference not set to an instance of an object.
The view 'Message' or its master was not found or no view engine supports the searched locations. The following locations were searched:
~/Views/User/Message.aspx
~/Views/User/Message.ascx
~/Views/Shared/Message.aspx
~/Views/Shared/Message.ascx
~/Views/User/پیوند تأیید آدرس جدید پست الکترونیک، با موفقیت به آدرس پست الکترونیک شما ارسال شد.
<br />
پس از کلیک بر روی پیوند تأیید، تغییر آدرس پست الکترونیک انجام خواهد شد..master
~/Views/Shared/پیوند تأیید آدرس جدید پست الکترونیک، با موفقیت به آدرس پست الکترونیک شما ارسال شد.
<br />
پس از کلیک بر روی پیوند تأیید، تغییر آدرس پست الکترونیک انجام خواهد شد..master
~/Views/User/پیوند تأیید آدرس جدید پست الکترونیک، با موفقیت به آدرس پست الکترونیک شما ارسال شد.
<br />
پس از کلیک بر روی پیوند تأیید، تغییر آدرس پست الکترونیک انجام خواهد شد..cshtml
~/Views/User/پیوند تأیید آدرس جدید پست الکترونیک، با موفقیت به آدرس پست الکترونیک شما ارسال شد.
<br />
پس از کلیک بر روی پیوند تأیید، تغییر آدرس پست الکترونیک انجام خواهد شد..vbhtml
~/Views/Shared/پیوند تأیید آدرس جدید پست الکترونیک، با موفقیت به آدرس پست الکترونیک شما ارسال شد.
<br />
پس از کلیک بر روی پیوند تأیید، تغییر آدرس پست الکترونیک انجام خواهد شد..cshtml
~/Views/Shared/پیوند تأیید آدرس جدید پست الکترونیک، با موفقیت به آدرس پست الکترونیک شما ارسال شد.
<br />
پس از کلیک بر روی پیوند تأیید، تغییر آدرس پست الکترونیک انجام خواهد شد..vbhtml
The view '~/Views/User/Message.cshtml' or its master was not found or no view engine supports the searched locations. The following locations were searched:
~/Views/User/Message.cshtml
~/Views/User/پیوند تأیید آدرس جدید پست الکترونیک، با موفقیت به آدرس پست الکترونیک شما ارسال شد.
<br />
پس از کلیک بر روی پیوند تأیید، تغییر آدرس پست الکترونیک انجام خواهد شد..master
~/Views/Shared/پیوند تأیید آدرس جدید پست الکترونیک، با موفقیت به آدرس پست الکترونیک شما ارسال شد.
<br />
پس از کلیک بر روی پیوند تأیید، تغییر آدرس پست الکترونیک انجام خواهد شد..master
~/Views/User/پیوند تأیید آدرس جدید پست الکترونیک، با موفقیت به آدرس پست الکترونیک شما ارسال شد.
<br />
پس از کلیک بر روی پیوند تأیید، تغییر آدرس پست الکترونیک انجام خواهد شد..cshtml
~/Views/User/پیوند تأیید آدرس جدید پست الکترونیک، با موفقیت به آدرس پست الکترونیک شما ارسال شد.
<br />
پس از کلیک بر روی پیوند تأیید، تغییر آدرس پست الکترونیک انجام خواهد شد..vbhtml
~/Views/Shared/پیوند تأیید آدرس جدید پست الکترونیک، با موفقیت به آدرس پست الکترونیک شما ارسال شد.
<br />
پس از کلیک بر روی پیوند تأیید، تغییر آدرس پست الکترونیک انجام خواهد شد..cshtml
~/Views/Shared/پیوند تأیید آدرس جدید پست الکترونیک، با موفقیت به آدرس پست الکترونیک شما ارسال شد.
<br />
پس از کلیک بر روی پیوند تأیید، تغییر آدرس پست الکترونیک انجام خواهد شد..vbhtml
The view '~/Views/Shared/Message.cshtml' or its master was not found or no view engine supports the searched locations. The following locations were searched:
~/Views/Shared/Message.cshtml
~/Views/User/پیوند تأیید آدرس جدید پست الکترونیک، با موفقیت به آدرس پست الکترونیک شما ارسال شد.
<br />
پس از کلیک بر روی پیوند تأیید، تغییر آدرس پست الکترونیک انجام خواهد شد..master
~/Views/Shared/پیوند تأیید آدرس جدید پست الکترونیک، با موفقیت به آدرس پست الکترونیک شما ارسال شد.
<br />
پس از کلیک بر روی پیوند تأیید، تغییر آدرس پست الکترونیک انجام خواهد شد..master
~/Views/User/پیوند تأیید آدرس جدید پست الکترونیک، با موفقیت به آدرس پست الکترونیک شما ارسال شد.
<br />
پس از کلیک بر روی پیوند تأیید، تغییر آدرس پست الکترونیک انجام خواهد شد..cshtml
~/Views/User/پیوند تأیید آدرس جدید پست الکترونیک، با موفقیت به آدرس پست الکترونیک شما ارسال شد.
<br />
پس از کلیک بر روی پیوند تأیید، تغییر آدرس پست الکترونیک انجام خواهد شد..vbhtml
~/Views/Shared/پیوند تأیید آدرس جدید پست الکترونیک، با موفقیت به آدرس پست الکترونیک شما ارسال شد.
<br />
پس از کلیک بر روی پیوند تأیید، تغییر آدرس پست الکترونیک انجام خواهد شد..cshtml
~/Views/Shared/پیوند تأیید آدرس جدید پست الکترونیک، با موفقیت به آدرس پست الکترونیک شما ارسال شد.
<br />
پس از کلیک بر روی پیوند تأیید، تغییر آدرس پست الکترونیک انجام خواهد شد..vbhtml
The view 'Message' or its master was not found or no view engine supports the searched locations. The following locations were searched:
~/Views/User/Message.aspx
~/Views/User/Message.ascx
~/Views/Shared/Message.aspx
~/Views/Shared/Message.ascx
~/Views/User/پیوند تأیید آدرس جدید پست الکترونیک، با موفقیت به آدرس پست الکترونیک شما ارسال شد.
<br />
پس از کلیک بر روی پیوند تأیید، تغییر آدرس پست الکترونیک انجام خواهد شد..master
~/Views/Shared/پیوند تأیید آدرس جدید پست الکترونیک، با موفقیت به آدرس پست الکترونیک شما ارسال شد.
<br />
پس از کلیک بر روی پیوند تأیید، تغییر آدرس پست الکترونیک انجام خواهد شد..master
~/Views/User/پیوند تأیید آدرس جدید پست الکترونیک، با موفقیت به آدرس پست الکترونیک شما ارسال شد.
<br />
پس از کلیک بر روی پیوند تأیید، تغییر آدرس پست الکترونیک انجام خواهد شد..cshtml
~/Views/User/پیوند تأیید آدرس جدید پست الکترونیک، با موفقیت به آدرس پست الکترونیک شما ارسال شد.
<br />
پس از کلیک بر روی پیوند تأیید، تغییر آدرس پست الکترونیک انجام خواهد شد..vbhtml
~/Views/Shared/پیوند تأیید آدرس جدید پست الکترونیک، با موفقیت به آدرس پست الکترونیک شما ارسال شد.
<br />
پس از کلیک بر روی پیوند تأیید، تغییر آدرس پست الکترونیک انجام خواهد شد..cshtml
~/Views/Shared/پیوند تأیید آدرس جدید پست الکترونیک، با موفقیت به آدرس پست الکترونیک شما ارسال شد.
<br />
پس از کلیک بر روی پیوند تأیید، تغییر آدرس پست الکترونیک انجام خواهد شد..vbhtml
The view '~/Views/Shared/Message.aspx' or its master was not found or no view engine supports the searched locations. The following locations were searched:
~/Views/Shared/Message.aspx
~/Views/User/پیوند تأیید آدرس جدید پست الکترونیک، با موفقیت به آدرس پست الکترونیک شما ارسال شد.
<br />
پس از کلیک بر روی پیوند تأیید، تغییر آدرس پست الکترونیک انجام خواهد شد..master
~/Views/Shared/پیوند تأیید آدرس جدید پست الکترونیک، با موفقیت به آدرس پست الکترونیک شما ارسال شد.
<br />
پس از کلیک بر روی پیوند تأیید، تغییر آدرس پست الکترونیک انجام خواهد شد..master
~/Views/User/پیوند تأیید آدرس جدید پست الکترونیک، با موفقیت به آدرس پست الکترونیک شما ارسال شد.
<br />
پس از کلیک بر روی پیوند تأیید، تغییر آدرس پست الکترونیک انجام خواهد شد..cshtml
~/Views/User/پیوند تأیید آدرس جدید پست الکترونیک، با موفقیت به آدرس پست الکترونیک شما ارسال شد.
<br />
پس از کلیک بر روی پیوند تأیید، تغییر آدرس پست الکترونیک انجام خواهد شد..vbhtml
~/Views/Shared/پیوند تأیید آدرس جدید پست الکترونیک، با موفقیت به آدرس پست الکترونیک شما ارسال شد.
<br />
پس از کلیک بر روی پیوند تأیید، تغییر آدرس پست الکترونیک انجام خواهد شد..cshtml
~/Views/Shared/پیوند تأیید آدرس جدید پست الکترونیک، با موفقیت به آدرس پست الکترونیک شما ارسال شد.
<br />
پس از کلیک بر روی پیوند تأیید، تغییر آدرس پست الکترونیک انجام خواهد شد..vbhtml
The view 'Message' or its master was not found or no view engine supports the searched locations. The following locations were searched:
~/Views/User/Message.aspx
~/Views/User/Message.ascx
~/Views/Shared/Message.aspx
~/Views/Shared/Message.ascx
~/Views/User/پیوند تأیید آدرس جدید پست الکترونیک، با موفقیت به آدرس پست الکترونیک شما ارسال شد.
<br />
پس از کلیک بر روی پیوند تأیید، تغییر آدرس پست الکترونیک انجام خواهد شد..master
~/Views/Shared/پیوند تأیید آدرس جدید پست الکترونیک، با موفقیت به آدرس پست الکترونیک شما ارسال شد.
<br />
پس از کلیک بر روی پیوند تأیید، تغییر آدرس پست الکترونیک انجام خواهد شد..master
~/Views/User/پیوند تأیید آدرس جدید پست الکترونیک، با موفقیت به آدرس پست الکترونیک شما ارسال شد.
<br />
پس از کلیک بر روی پیوند تأیید، تغییر آدرس پست الکترونیک انجام خواهد شد..cshtml
~/Views/User/پیوند تأیید آدرس جدید پست الکترونیک، با موفقیت به آدرس پست الکترونیک شما ارسال شد.
<br />
پس از کلیک بر روی پیوند تأیید، تغییر آدرس پست الکترونیک انجام خواهد شد..vbhtml
~/Views/Shared/پیوند تأیید آدرس جدید پست الکترونیک، با موفقیت به آدرس پست الکترونیک شما ارسال شد.
<br />
پس از کلیک بر روی پیوند تأیید، تغییر آدرس پست الکترونیک انجام خواهد شد..cshtml
~/Views/Shared/پیوند تأیید آدرس جدید پست الکترونیک، با موفقیت به آدرس پست الکترونیک شما ارسال شد.
<br />
پس از کلیک بر روی پیوند تأیید، تغییر آدرس پست الکترونیک انجام خواهد شد..vbhtml
A potentially dangerous Request.QueryString value was detected from the client (message="...رسال شد.
<br />
پس از کلیک ب...").
A potentially dangerous Request.QueryString value was detected from the client (message="...رسال شد.
<br />
پس از کلیک ب...").
A potentially dangerous Request.QueryString value was detected from the client (message="...رسال شد.
<br />
پس از کلیک ب...").
A potentially dangerous Request.QueryString value was detected from the client (message="...رسال شد.
<br />
پس از کلیک ب...").
A potentially dangerous Request.QueryString value was detected from the client (message="...رسال شد.
<br />
پس از کلیک ب...").
A potentially dangerous Request.QueryString value was detected from the client (message="...رسال شد.
<br />
پس از کلیک ب...").
Object reference not set to an instance of an object.
A potentially dangerous Request.QueryString value was detected from the client (message="...رسال شد.
<br />
پس از کلیک ب...").
Object reference not set to an instance of an object.
An entity object cannot be referenced by multiple instances of IEntityChangeTracker.
Object reference not set to an instance of an object.
Object reference not set to an instance of an object.
Object reference not set to an instance of an object.
An entity object cannot be referenced by multiple instances of IEntityChangeTracker.
Object reference not set to an instance of an object.
c:\Users\Administrator\Desktop\project\testMvcEshop\MvcEshop\Views\Contract\Index.cshtml(48): error CS0201: Only assignment, call, increment, decrement, await, and new object expressions can be used as a statement
The underlying provider failed on Open.
The context cannot be used while the model is being created. This exception may be thrown if the context is used inside the OnModelCreating method or if the same context instance is accessed by multiple threads concurrently. Note that instance members of DbContext and related classes are not guaranteed to be thread safe.
The context cannot be used while the model is being created. This exception may be thrown if the context is used inside the OnModelCreating method or if the same context instance is accessed by multiple threads concurrently. Note that instance members of DbContext and related classes are not guaranteed to be thread safe.
The context cannot be used while the model is being created. This exception may be thrown if the context is used inside the OnModelCreating method or if the same context instance is accessed by multiple threads concurrently. Note that instance members of DbContext and related classes are not guaranteed to be thread safe.
The context cannot be used while the model is being created. This exception may be thrown if the context is used inside the OnModelCreating method or if the same context instance is accessed by multiple threads concurrently. Note that instance members of DbContext and related classes are not guaranteed to be thread safe.
The context cannot be used while the model is being created. This exception may be thrown if the context is used inside the OnModelCreating method or if the same context instance is accessed by multiple threads concurrently. Note that instance members of DbContext and related classes are not guaranteed to be thread safe.
The context cannot be used while the model is being created. This exception may be thrown if the context is used inside the OnModelCreating method or if the same context instance is accessed by multiple threads concurrently. Note that instance members of DbContext and related classes are not guaranteed to be thread safe.
The context cannot be used while the model is being created. This exception may be thrown if the context is used inside the OnModelCreating method or if the same context instance is accessed by multiple threads concurrently. Note that instance members of DbContext and related classes are not guaranteed to be thread safe.
Object reference not set to an instance of an object.
Object reference not set to an instance of an object.
c:\Users\Administrator\Desktop\project\testMvcEshop\MvcEshop\Views\Account\Index.cshtml(29): error CS1660: Cannot convert lambda expression to type 'string' because it is not a delegate type
c:\Users\Administrator\Desktop\project\testMvcEshop\MvcEshop\Views\Account\Index.cshtml(29): error CS1660: Cannot convert lambda expression to type 'string' because it is not a delegate type
c:\Users\Administrator\Desktop\project\testMvcEshop\MvcEshop\Views\Account\Index.cshtml(29): error CS1660: Cannot convert lambda expression to type 'string' because it is not a delegate type
c:\Users\Administrator\Desktop\project\testMvcEshop\MvcEshop\Views\Account\Index.cshtml(29): error CS1660: Cannot convert lambda expression to type 'string' because it is not a delegate type
c:\Users\Administrator\Desktop\project\testMvcEshop\MvcEshop\Views\Account\Index.cshtml(29): error CS1660: Cannot convert lambda expression to type 'string' because it is not a delegate type
c:\Users\Administrator\Desktop\project\testMvcEshop\MvcEshop\Views\Account\Index.cshtml(29): error CS1660: Cannot convert lambda expression to type 'string' because it is not a delegate type
Object reference not set to an instance of an object.
c:\Users\Administrator\Desktop\project\testMvcEshop\MvcEshop\Views\Account\Index.cshtml(29): error CS1660: Cannot convert lambda expression to type 'string' because it is not a delegate type
c:\Users\Administrator\Desktop\project\testMvcEshop\MvcEshop\Views\Account\Index.cshtml(29): error CS1660: Cannot convert lambda expression to type 'string' because it is not a delegate type
Nullable object must have a value.
c:\Users\Administrator\Desktop\project\testMvcEshop\MvcEshop\Views\Contract\Index.cshtml(17): error CS1660: Cannot convert lambda expression to type 'string' because it is not a delegate type
c:\Users\Administrator\Desktop\project\testMvcEshop\MvcEshop\Views\Account\Index.cshtml(29): error CS1660: Cannot convert lambda expression to type 'string' because it is not a delegate type
Object reference not set to an instance of an object.
c:\Users\Administrator\Desktop\project\testMvcEshop\MvcEshop\Views\Account\Index.cshtml(30): error CS1660: Cannot convert lambda expression to type 'string' because it is not a delegate type
c:\Users\Administrator\Desktop\project\testMvcEshop\MvcEshop\Views\Account\Index.cshtml(30): error CS1660: Cannot convert lambda expression to type 'string' because it is not a delegate type
Attaching an entity of type 'MvcEshop.Models.User' failed because another entity of the same type already has the same primary key value. This can happen when using the 'Attach' method or setting the state of an entity to 'Unchanged' or 'Modified' if any entities in the graph have conflicting key values. This may be because some entities are new and have not yet received database-generated key values. In this case use the 'Add' method or the 'Added' entity state to track the graph and then set the state of non-new entities to 'Unchanged' or 'Modified' as appropriate.
Attaching an entity of type 'MvcEshop.Models.User' failed because another entity of the same type already has the same primary key value. This can happen when using the 'Attach' method or setting the state of an entity to 'Unchanged' or 'Modified' if any entities in the graph have conflicting key values. This may be because some entities are new and have not yet received database-generated key values. In this case use the 'Add' method or the 'Added' entity state to track the graph and then set the state of non-new entities to 'Unchanged' or 'Modified' as appropriate.
c:\Users\Administrator\Desktop\project\testMvcEshop\MvcEshop\Views\User\Delete.cshtml(50): error CS1973: 'System.Web.Mvc.HtmlHelper<MvcEshop.Models.User>' has no applicable method named 'ActionLink' but appears to have an extension method by that name. Extension methods cannot be dynamically dispatched. Consider casting the dynamic arguments or calling the extension method without the extension method syntax.
Nullable object must have a value.
Object reference not set to an instance of an object.
Object reference not set to an instance of an object.
Object reference not set to an instance of an object.
Object reference not set to an instance of an object.
Nullable object must have a value.
Nullable object must have a value.
Nullable object must have a value.
The underlying provider failed on Open.
Object reference not set to an instance of an object.
Object reference not set to an instance of an object.
Object reference not set to an instance of an object.
The parameters dictionary contains a null entry for parameter 'id' of non-nullable type 'System.Guid' for method 'System.Web.Mvc.ActionResult Deactivate(System.Guid)' in 'MvcEshop.Controllers.UserController'. An optional parameter must be a reference type, a nullable type, or be declared as an optional parameter.
Parameter name: parameters
Nullable object must have a value.
Object reference not set to an instance of an object.
Object reference not set to an instance of an object.
Object reference not set to an instance of an object.
Object reference not set to an instance of an object.
Object reference not set to an instance of an object.
Object reference not set to an instance of an object.
Object reference not set to an instance of an object.
Object reference not set to an instance of an object.
Object reference not set to an instance of an object.
Object reference not set to an instance of an object.
The view 'Edit' or its master was not found or no view engine supports the searched locations. The following locations were searched:
~/Views/Class/Edit.aspx
~/Views/Class/Edit.ascx
~/Views/Shared/Edit.aspx
~/Views/Shared/Edit.ascx
~/Views/Class/Edit.cshtml
~/Views/Class/Edit.vbhtml
~/Views/Shared/Edit.cshtml
~/Views/Shared/Edit.vbhtml
Year, Month, and Day parameters describe an un-representable DateTime.
Specified time is not supported in this calendar. It should be between 03/21/0622 00:00:00 (Gregorian date) and 12/31/9999 23:59:59 (Gregorian date), inclusive.
Parameter name: time
Schema specified is not valid. Errors: 
The relationship 'DocumentFinderModel.FK_Assignments_Classes' was not loaded because the type 'DocumentFinderModel.Class' is not available.
The following information may be useful in resolving the previous error:
The required property 'IsStarted' does not exist on the type 'MvcEshop.Models.Class'.


The relationship 'DocumentFinderModel.FK_Classes_Users' was not loaded because the type 'DocumentFinderModel.Class' is not available.
The following information may be useful in resolving the previous error:
The required property 'IsStarted' does not exist on the type 'MvcEshop.Models.Class'.


The relationship 'DocumentFinderModel.FK_Classes_Users___ClassCreator' was not loaded because the type 'DocumentFinderModel.Class' is not available.
The following information may be useful in resolving the previous error:
The required property 'IsStarted' does not exist on the type 'MvcEshop.Models.Class'.


The relationship 'DocumentFinderModel.ClassesUsers' was not loaded because the type 'DocumentFinderModel.Class' is not available.
The following information may be useful in resolving the previous error:
The required property 'IsStarted' does not exist on the type 'MvcEshop.Models.Class'.


The view 'Index' or its master was not found or no view engine supports the searched locations. The following locations were searched:
~/Views/Assignment/Index.aspx
~/Views/Assignment/Index.ascx
~/Views/Shared/Index.aspx
~/Views/Shared/Index.ascx
~/Views/Assignment/Index.cshtml
~/Views/Assignment/Index.vbhtml
~/Views/Shared/Index.cshtml
~/Views/Shared/Index.vbhtml
c:\Users\Administrator\Desktop\project\testMvcEshop\MvcEshop\Views\Assignment\Index.cshtml(58): error CS1660: Cannot convert lambda expression to type 'string' because it is not a delegate type
The model item passed into the dictionary is of type 'System.Data.Entity.DynamicProxies.Assignment_398F4991675E99F2B4B3245B5EE38CEC5F1D6C56DD40AF445642219F263B6536', but this dictionary requires a model item of type 'System.Collections.Generic.IEnumerable`1[MvcEshop.Models.Assignment]'.
Object reference not set to an instance of an object.
Object reference not set to an instance of an object.
Nullable object must have a value.
c:\Users\Administrator\Desktop\project\testMvcEshop\MvcEshop\Views\Assignment\Inbox.cshtml(17): error CS1660: Cannot convert lambda expression to type 'string' because it is not a delegate type
Could not find file 'C:\Assignments\7c4f8ad5-b6a3-4f89-9388-8ecf60445bfd.docx'.
c:\Users\Administrator\Desktop\project\testMvcEshop\MvcEshop\Views\Class\Index.cshtml(37): error CS1660: Cannot convert lambda expression to type 'string' because it is not a delegate type
c:\Users\Administrator\Desktop\project\testMvcEshop\MvcEshop\Views\Class\Index.cshtml(37): error CS1660: Cannot convert lambda expression to type 'string' because it is not a delegate type
c:\Users\Administrator\Desktop\project\testMvcEshop\MvcEshop\Views\Class\Index.cshtml(37): error CS1660: Cannot convert lambda expression to type 'string' because it is not a delegate type
c:\Users\Administrator\Desktop\project\testMvcEshop\MvcEshop\Views\Assignment\Inbox.cshtml(33): error CS1660: Cannot convert lambda expression to type 'string' because it is not a delegate type
c:\Users\Administrator\Desktop\project\testMvcEshop\MvcEshop\Views\Shared\_Layout.cshtml(127): error CS0151: A switch expression or case label must be a bool, char, string, integral, enum, or corresponding nullable type
c:\Users\Administrator\Desktop\project\testMvcEshop\MvcEshop\Views\Shared\_Layout.cshtml(127): error CS0151: A switch expression or case label must be a bool, char, string, integral, enum, or corresponding nullable type
The "RenderBody" method has already been called.
c:\Users\Administrator\Desktop\project\testMvcEshop\MvcEshop\Views\Shared\_Layout.cshtml(128): error CS0815: Cannot assign <null> to an implicitly-typed local variable
An error occurred while updating the entries. See the inner exception for details.
c:\Users\Administrator\Desktop\project\testMvcEshop\MvcEshop\Views\Assignment\Inbox.cshtml(31): error CS1660: Cannot convert lambda expression to type 'string' because it is not a delegate type
c:\Users\Administrator\Desktop\project\testMvcEshop\MvcEshop\Views\Assignment\Inbox.cshtml(31): error CS1660: Cannot convert lambda expression to type 'string' because it is not a delegate type
The view 'دستورات اصلی زبان VB    .' or its master was not found or no view engine supports the searched locations. The following locations were searched:
~/Views/Assignment/دستورات اصلی زبان VB    ..aspx
~/Views/Assignment/دستورات اصلی زبان VB    ..ascx
~/Views/Shared/دستورات اصلی زبان VB    ..aspx
~/Views/Shared/دستورات اصلی زبان VB    ..ascx
~/Views/Assignment/دستورات اصلی زبان VB    ..cshtml
~/Views/Assignment/دستورات اصلی زبان VB    ..vbhtml
~/Views/Shared/دستورات اصلی زبان VB    ..cshtml
~/Views/Shared/دستورات اصلی زبان VB    ..vbhtml
The view 'دستورات اصلی زبان VB    .' or its master was not found or no view engine supports the searched locations. The following locations were searched:
~/Views/Assignment/دستورات اصلی زبان VB    ..aspx
~/Views/Assignment/دستورات اصلی زبان VB    ..ascx
~/Views/Shared/دستورات اصلی زبان VB    ..aspx
~/Views/Shared/دستورات اصلی زبان VB    ..ascx
~/Views/Assignment/دستورات اصلی زبان VB    ..cshtml
~/Views/Assignment/دستورات اصلی زبان VB    ..vbhtml
~/Views/Shared/دستورات اصلی زبان VB    ..cshtml
~/Views/Shared/دستورات اصلی زبان VB    ..vbhtml
The view 'دستورات اصلی زبان VB    .' or its master was not found or no view engine supports the searched locations. The following locations were searched:
~/Views/Assignment/دستورات اصلی زبان VB    ..aspx
~/Views/Assignment/دستورات اصلی زبان VB    ..ascx
~/Views/Shared/دستورات اصلی زبان VB    ..aspx
~/Views/Shared/دستورات اصلی زبان VB    ..ascx
~/Views/Assignment/دستورات اصلی زبان VB    ..cshtml
~/Views/Assignment/دستورات اصلی زبان VB    ..vbhtml
~/Views/Shared/دستورات اصلی زبان VB    ..cshtml
~/Views/Shared/دستورات اصلی زبان VB    ..vbhtml
The view 'دستورات اصلی زبان VB    .' or its master was not found or no view engine supports the searched locations. The following locations were searched:
~/Views/Assignment/دستورات اصلی زبان VB    ..aspx
~/Views/Assignment/دستورات اصلی زبان VB    ..ascx
~/Views/Shared/دستورات اصلی زبان VB    ..aspx
~/Views/Shared/دستورات اصلی زبان VB    ..ascx
~/Views/Assignment/دستورات اصلی زبان VB    ..cshtml
~/Views/Assignment/دستورات اصلی زبان VB    ..vbhtml
~/Views/Shared/دستورات اصلی زبان VB    ..cshtml
~/Views/Shared/دستورات اصلی زبان VB    ..vbhtml
The view 'testservice' or its master was not found or no view engine supports the searched locations. The following locations were searched:
~/Views/testRoles/testservice.aspx
~/Views/testRoles/testservice.ascx
~/Views/Shared/testservice.aspx
~/Views/Shared/testservice.ascx
~/Views/testRoles/testservice.cshtml
~/Views/testRoles/testservice.vbhtml
~/Views/Shared/testservice.cshtml
~/Views/Shared/testservice.vbhtml
c:\Users\Administrator\Desktop\project\testMvcEshop\MvcEshop\Views\Assignment\Inbox.cshtml(22): error CS1660: Cannot convert lambda expression to type 'string' because it is not a delegate type
Schema specified is not valid. Errors: 
The relationship 'DocumentFinderModel.FK_AssignmentFiles_Assignments' was not loaded because the type 'DocumentFinderModel.AssignmentFile' is not available.
The following information may be useful in resolving the previous error:
The required property 'User' does not exist on the type 'MvcEshop.Models.AssignmentFile'.


The relationship 'DocumentFinderModel.FK_DocFinderServiceErrorLogs_AssignmentFiles' was not loaded because the type 'DocumentFinderModel.AssignmentFile' is not available.
The following information may be useful in resolving the previous error:
The required property 'User' does not exist on the type 'MvcEshop.Models.AssignmentFile'.


The relationship 'DocumentFinderModel.OneToOne_Requests_AssignmentFiles' was not loaded because the type 'DocumentFinderModel.AssignmentFile' is not available.
The following information may be useful in resolving the previous error:
The required property 'User' does not exist on the type 'MvcEshop.Models.AssignmentFile'.


The relationship 'DocumentFinderModel.FK_AssignmentFiles_Users' was not loaded because the type 'DocumentFinderModel.AssignmentFile' is not available.
The following information may be useful in resolving the previous error:
The required property 'User' does not exist on the type 'MvcEshop.Models.AssignmentFile'.


Object reference not set to an instance of an object.
The model item passed into the dictionary is of type 'System.String', but this dictionary requires a model item of type 'MvcEshop.ViewModels.Assignment.ShowResultViewModel'.
Object reference not set to an instance of an object.
Object reference not set to an instance of an object.
Object reference not set to an instance of an object.
Nullable object must have a value.
The underlying provider failed on Open.
Object reference not set to an instance of an object.
An item with the same key has already been added.
c:\Users\Administrator\Desktop\project\testMvcEshop\MvcEshop\Views\Home\ContactUs.cshtml(29): error CS0828: Cannot assign lambda expression to anonymous type property
The provided anti-forgery token was meant for user "", but the current user is "mohammadparsi@rocketmail.com".
Nullable object must have a value.
An item with the same key has already been added.
Object reference not set to an instance of an object.
The SMTP server requires a secure connection or the client was not authenticated. The server response was: 5.7.0 Must issue a STARTTLS command first. i5sm3214011wiz.0 - gsmtp
The SMTP server requires a secure connection or the client was not authenticated. The server response was: 5.7.0 Must issue a STARTTLS command first. dm6sm2069974wib.22 - gsmtp
The SMTP server requires a secure connection or the client was not authenticated. The server response was: 5.7.0 Must issue a STARTTLS command first. ub1sm1631705wjc.43 - gsmtp
Object reference not set to an instance of an object.
Object reference not set to an instance of an object.
The context cannot be used while the model is being created. This exception may be thrown if the context is used inside the OnModelCreating method or if the same context instance is accessed by multiple threads concurrently. Note that instance members of DbContext and related classes are not guaranteed to be thread safe.
The underlying provider failed on Open.
The SMTP server requires a secure connection or the client was not authenticated. The server response was: 5.7.0 Must issue a STARTTLS command first. yr1sm10882018wjc.37 - gsmtp
Object reference not set to an instance of an object.
Object reference not set to an instance of an object.
The underlying provider failed on Open.
Encountered end tag "div" with no matching start tag.  Are your start/end tags properly balanced?

Unable to set field/property Receipts on entity type System.Data.Entity.DynamicProxies.Account_28421A18D9DCBECFBE8CF36A4B1D3937615BA71998C25AFC63C518A93CB383D2. See InnerException for details.
Unable to set field/property Receipts on entity type System.Data.Entity.DynamicProxies.Account_28421A18D9DCBECFBE8CF36A4B1D3937615BA71998C25AFC63C518A93CB383D2. See InnerException for details.
Unable to set field/property Receipts on entity type System.Data.Entity.DynamicProxies.Account_28421A18D9DCBECFBE8CF36A4B1D3937615BA71998C25AFC63C518A93CB383D2. See InnerException for details.
Unable to set field/property Receipts on entity type System.Data.Entity.DynamicProxies.Account_28421A18D9DCBECFBE8CF36A4B1D3937615BA71998C25AFC63C518A93CB383D2. See InnerException for details.
Unable to set field/property Receipts on entity type System.Data.Entity.DynamicProxies.Account_28421A18D9DCBECFBE8CF36A4B1D3937615BA71998C25AFC63C518A93CB383D2. See InnerException for details.
Nullable object must have a value.
f:\Important Files\Project_94_4_21\testMvcEshop\MvcEshop\Views\Receipt\Index.cshtml(54): error CS1660: Cannot convert lambda expression to type 'string' because it is not a delegate type
Nullable object must have a value.
The model item passed into the dictionary is of type 'System.Collections.Generic.List`1[MvcEshop.Models.User]', but this dictionary requires a model item of type 'System.Collections.Generic.IEnumerable`1[MvcEshop.Models.Receipt]'.
The model item passed into the dictionary is of type 'System.Collections.Generic.List`1[MvcEshop.Models.User]', but this dictionary requires a model item of type 'System.Collections.Generic.IEnumerable`1[MvcEshop.Models.Receipt]'.
The model item passed into the dictionary is of type 'System.Collections.Generic.List`1[MvcEshop.Models.User]', but this dictionary requires a model item of type 'System.Collections.Generic.IEnumerable`1[MvcEshop.Models.Receipt]'.
f:\Important Files\Project_94_4_21\testMvcEshop\MvcEshop\Views\Receipt\Create.cshtml(49): error CS1061: 'MvcEshop.ViewModels.Receipt.CreateViewModel' does not contain a definition for 'ImageFile' and no extension method 'ImageFile' accepting a first argument of type 'MvcEshop.ViewModels.Receipt.CreateViewModel' could be found (are you missing a using directive or an assembly reference?)
The anti-forgery cookie token and form field token do not match.
Object reference not set to an instance of an object.
Object reference not set to an instance of an object.
A space or line break was encountered after the "@" character.  Only valid identifiers, keywords, comments, "(" and "{" are valid at the start of a code block and they must occur immediately following "@" with no space in between.

Unable to set field/property Users1 on entity type System.Data.Entity.DynamicProxies.User_5E776C4EE47291B34398BDF72FED393A1E4F83DF3085075B3F643F104EA804CE. See InnerException for details.
Unable to set field/property Users1 on entity type System.Data.Entity.DynamicProxies.User_5E776C4EE47291B34398BDF72FED393A1E4F83DF3085075B3F643F104EA804CE. See InnerException for details.
Unable to set field/property Users1 on entity type System.Data.Entity.DynamicProxies.User_5E776C4EE47291B34398BDF72FED393A1E4F83DF3085075B3F643F104EA804CE. See InnerException for details.
Unable to set field/property Users1 on entity type System.Data.Entity.DynamicProxies.User_5E776C4EE47291B34398BDF72FED393A1E4F83DF3085075B3F643F104EA804CE. See InnerException for details.
Unable to set field/property Users1 on entity type System.Data.Entity.DynamicProxies.User_5E776C4EE47291B34398BDF72FED393A1E4F83DF3085075B3F643F104EA804CE. See InnerException for details.
Unable to set field/property Users1 on entity type System.Data.Entity.DynamicProxies.User_5E776C4EE47291B34398BDF72FED393A1E4F83DF3085075B3F643F104EA804CE. See InnerException for details.
Unable to set field/property Users1 on entity type System.Data.Entity.DynamicProxies.User_5E776C4EE47291B34398BDF72FED393A1E4F83DF3085075B3F643F104EA804CE. See InnerException for details.
Unable to set field/property Users1 on entity type System.Data.Entity.DynamicProxies.User_5E776C4EE47291B34398BDF72FED393A1E4F83DF3085075B3F643F104EA804CE. See InnerException for details.
Unable to set field/property Users1 on entity type System.Data.Entity.DynamicProxies.User_5E776C4EE47291B34398BDF72FED393A1E4F83DF3085075B3F643F104EA804CE. See InnerException for details.
Unable to set field/property Users1 on entity type System.Data.Entity.DynamicProxies.User_5E776C4EE47291B34398BDF72FED393A1E4F83DF3085075B3F643F104EA804CE. See InnerException for details.
Unable to set field/property Users1 on entity type System.Data.Entity.DynamicProxies.User_5E776C4EE47291B34398BDF72FED393A1E4F83DF3085075B3F643F104EA804CE. See InnerException for details.
Unable to set field/property Users1 on entity type System.Data.Entity.DynamicProxies.User_5E776C4EE47291B34398BDF72FED393A1E4F83DF3085075B3F643F104EA804CE. See InnerException for details.
Unable to set field/property Users1 on entity type System.Data.Entity.DynamicProxies.User_5E776C4EE47291B34398BDF72FED393A1E4F83DF3085075B3F643F104EA804CE. See InnerException for details.
Unable to set field/property Users1 on entity type System.Data.Entity.DynamicProxies.User_5E776C4EE47291B34398BDF72FED393A1E4F83DF3085075B3F643F104EA804CE. See InnerException for details.
Unable to set field/property Users1 on entity type System.Data.Entity.DynamicProxies.User_5E776C4EE47291B34398BDF72FED393A1E4F83DF3085075B3F643F104EA804CE. See InnerException for details.
Unable to set field/property Users1 on entity type System.Data.Entity.DynamicProxies.User_5E776C4EE47291B34398BDF72FED393A1E4F83DF3085075B3F643F104EA804CE. See InnerException for details.
Unable to set field/property Users1 on entity type System.Data.Entity.DynamicProxies.User_5E776C4EE47291B34398BDF72FED393A1E4F83DF3085075B3F643F104EA804CE. See InnerException for details.
Unable to set field/property Users1 on entity type System.Data.Entity.DynamicProxies.User_5E776C4EE47291B34398BDF72FED393A1E4F83DF3085075B3F643F104EA804CE. See InnerException for details.
Unable to set field/property Users1 on entity type System.Data.Entity.DynamicProxies.User_5E776C4EE47291B34398BDF72FED393A1E4F83DF3085075B3F643F104EA804CE. See InnerException for details.
Unable to set field/property Users1 on entity type System.Data.Entity.DynamicProxies.User_5E776C4EE47291B34398BDF72FED393A1E4F83DF3085075B3F643F104EA804CE. See InnerException for details.
Unable to set field/property Users1 on entity type System.Data.Entity.DynamicProxies.User_5E776C4EE47291B34398BDF72FED393A1E4F83DF3085075B3F643F104EA804CE. See InnerException for details.
Unable to set field/property Users1 on entity type System.Data.Entity.DynamicProxies.User_5E776C4EE47291B34398BDF72FED393A1E4F83DF3085075B3F643F104EA804CE. See InnerException for details.
The SMTP server requires a secure connection or the client was not authenticated. The server response was: 5.5.1 Authentication Required. Learn more at
The SMTP server requires a secure connection or the client was not authenticated. The server response was: 5.5.1 Authentication Required. Learn more at
Schema specified is not valid. Errors: 
The relationship 'DocumentFinderModel.FK_AssignmentFiles_Assignments' was not loaded because the type 'DocumentFinderModel.AssignmentFile' is not available.
The following information may be useful in resolving the previous error:
The required property 'User' does not exist on the type 'MvcEshop.Models.AssignmentFile'.


The relationship 'DocumentFinderModel.FK_DocFinderServiceErrorLogs_AssignmentFiles' was not loaded because the type 'DocumentFinderModel.AssignmentFile' is not available.
The following information may be useful in resolving the previous error:
The required property 'User' does not exist on the type 'MvcEshop.Models.AssignmentFile'.


The relationship 'DocumentFinderModel.OneToOne_Requests_AssignmentFiles' was not loaded because the type 'DocumentFinderModel.AssignmentFile' is not available.
The following information may be useful in resolving the previous error:
The required property 'User' does not exist on the type 'MvcEshop.Models.AssignmentFile'.


The relationship 'DocumentFinderModel.FK_AssignmentFiles_Users' was not loaded because the type 'DocumentFinderModel.AssignmentFile' is not available.
The following information may be useful in resolving the previous error:
The required property 'User' does not exist on the type 'MvcEshop.Models.AssignmentFile'.


Object reference not set to an instance of an object.
Input string was not in a correct format.
Input string was not in a correct format.
The underlying provider failed on Open.
The context cannot be used while the model is being created. This exception may be thrown if the context is used inside the OnModelCreating method or if the same context instance is accessed by multiple threads concurrently. Note that instance members of DbContext and related classes are not guaranteed to be thread safe.
Section blocks ("@section Header { ... }") cannot be nested.  Only one level of section blocks are allowed.

Section blocks ("@section Header { ... }") cannot be nested.  Only one level of section blocks are allowed.

Section blocks ("@section Header { ... }") cannot be nested.  Only one level of section blocks are allowed.

The context cannot be used while the model is being created. This exception may be thrown if the context is used inside the OnModelCreating method or if the same context instance is accessed by multiple threads concurrently. Note that instance members of DbContext and related classes are not guaranteed to be thread safe.
Nullable object must have a value.
Section blocks ("@section Header { ... }") cannot be nested.  Only one level of section blocks are allowed.

Section blocks ("@section Header { ... }") cannot be nested.  Only one level of section blocks are allowed.

The "@" character must be followed by a ":", "(", or a C# identifier.  If you intended to switch to markup, use an HTML start tag, for example:

@if(isLoggedIn) {
    <p>Hello, @user!</p>
}

Object reference not set to an instance of an object.
An item with the same key has already been added.
Nullable object must have a value.
An item with the same key has already been added.
Section already defined: "scripts".
Object reference not set to an instance of an object.
Could not find a part of the path 'C:\Assignments\b3375244-4f97-48fb-8483-b4b160f16070.doc'.
Input string was not in a correct format.
Validation failed for one or more entities. See 'EntityValidationErrors' property for more details.
f:\Important Files\DocumentFinderForConference\Project_94_10_28\Project\testMvcEshop\MvcEshop\Views\Assignment\Inbox.cshtml(22): error CS1660: Cannot convert lambda expression to type 'string' because it is not a delegate type
f:\Important Files\DocumentFinderForConference\Project_94_10_28\Project\testMvcEshop\MvcEshop\Views\Assignment\Inbox.cshtml(22): error CS1660: Cannot convert lambda expression to type 'string' because it is not a delegate type
Could not find file 'F:\Important Files\DocumentFinderForConference\Project_94_10_28\Assignments\9128f3a3-475b-42b9-85dd-129ce13f6d84.doc'.
The view 'SendDocument' or its master was not found or no view engine supports the searched locations. The following locations were searched:
~/Views/Assignment/SendDocument.aspx
~/Views/Assignment/SendDocument.ascx
~/Views/Shared/SendDocument.aspx
~/Views/Shared/SendDocument.ascx
~/Views/Assignment/SendDocument.cshtml
~/Views/Assignment/SendDocument.vbhtml
~/Views/Shared/SendDocument.cshtml
~/Views/Shared/SendDocument.vbhtml
Failure sending mail.
Some Unexpected Error...
An opening "(" is missing the corresponding closing ")".

An opening "(" is missing the corresponding closing ")".

An opening "(" is missing the corresponding closing ")".

An opening "(" is missing the corresponding closing ")".

Object reference not set to an instance of an object.
Object reference not set to an instance of an object.
f:\Important Files\DocumentFinderForConferenceRelease\Project_94_10_28\Project\testMvcEshop\MvcEshop\Views\User\Index.cshtml(43): error CS1660: Cannot convert lambda expression to type 'string' because it is not a delegate type
Object reference not set to an instance of an object.
Object reference not set to an instance of an object.
Object reference not set to an instance of an object.
Object reference not set to an instance of an object.
Object reference not set to an instance of an object.
f:\Important Files\DocumentFinderForConferenceRelease\Project_94_10_28\Project\testMvcEshop\MvcEshop\Views\User\SignUp.cshtml(179): error CS1955: Non-invocable member 'T4MVC.SharedController.ViewsClass._Partial_DatePicker' cannot be used like a method.
The model item passed into the dictionary is of type 'MvcEshop.ViewModels.Contract.CreateViewModel', but this dictionary requires a model item of type 'System.Nullable`1[System.Int32]'.
f:\Important Files\DocumentFinderForConferenceRelease\Project_94_10_28\Project\testMvcEshop\MvcEshop\Views\TestRoles\LearningAjax.cshtml(11): error CS1674: 'System.Web.Mvc.MvcHtmlString': type used in a using statement must be implicitly convertible to 'System.IDisposable'
Encountered end tag "ul" with no matching start tag.  Are your start/end tags properly balanced?

The underlying provider failed on Open.
Object reference not set to an instance of an object.
An item with the same key has already been added.
Nullable object must have a value.
f:\Important Files\DocumentFinderForConferenceRelease\Project_94_10_28\Project\testMvcEshop\MvcEshop\Views\Shared\Partial_WelcomeToSystem.cshtml(57): error CS0165: Use of unassigned local variable 'strCurrentRoleTitleInPersian'
f:\Important Files\DocumentFinderForConferenceRelease\Project_94_10_28\Project\testMvcEshop\MvcEshop\Views\Shared\Partial_WelcomeToSystem.cshtml(57): error CS0165: Use of unassigned local variable 'strCurrentRoleTitleInPersian'
Unexpected "using" keyword after "@" character.  Once inside code, you do not need to prefix constructs like "using" with "@".

f:\Important Files\DocumentFinderForConferenceRelease\Project_94_10_28\Project\testMvcEshop\MvcEshop\Views\User\Delete.cshtml(57): error CS1928: 'System.Web.Mvc.HtmlHelper<MvcEshop.Models.User>' does not contain a definition for 'BeginForm' and the best extension method overload 'System.Web.Mvc.Html.FormExtensions.BeginForm(System.Web.Mvc.HtmlHelper, string, string)' has some invalid arguments
f:\Important Files\DocumentFinderForConferenceRelease\Project_94_10_28\Project\testMvcEshop\MvcEshop\Views\Assignment\Inbox.cshtml(34): error CS0103: The name 'item' does not exist in the current context
f:\Important Files\DocumentFinderForConferenceRelease\Project_94_10_28\Project\testMvcEshop\MvcEshop\Views\Assignment\Inbox.cshtml(118): error CS1026: ) expected
f:\Important Files\DocumentFinderForConferenceRelease\Project_94_10_28\Project\testMvcEshop\MvcEshop\Views\Assignment\Inbox.cshtml(118): error CS1026: ) expected
f:\Important Files\DocumentFinderForConferenceRelease\Project_94_10_28\Project\testMvcEshop\MvcEshop\Views\Assignment\Inbox.cshtml(41): error CS1502: The best overloaded method match for 'System.Web.WebPages.WebPageExecutingBase.Write(System.Web.WebPages.HelperResult)' has some invalid arguments
f:\Important Files\DocumentFinderForConferenceRelease\Project_94_10_28\Project\testMvcEshop\MvcEshop\Views\Assignment\Inbox.cshtml(41): error CS1502: The best overloaded method match for 'System.Web.WebPages.WebPageExecutingBase.Write(System.Web.WebPages.HelperResult)' has some invalid arguments
A space or line break was encountered after the "@" character.  Only valid identifiers, keywords, comments, "(" and "{" are valid at the start of a code block and they must occur immediately following "@" with no space in between.

Object reference not set to an instance of an object.
The underlying provider failed on Open.
The underlying provider failed on Open.
The underlying provider failed on Open.
Object reference not set to an instance of an object.
The underlying provider failed on Open.
Object reference not set to an instance of an object.
An error occurred while executing the command definition. See the inner exception for details.
An error occurred while executing the command definition. See the inner exception for details.
An error occurred while executing the command definition. See the inner exception for details.
An error occurred while executing the command definition. See the inner exception for details.
An error occurred while executing the command definition. See the inner exception for details.
An error occurred while executing the command definition. See the inner exception for details.
An error occurred while executing the command definition. See the inner exception for details.
An error occurred while executing the command definition. See the inner exception for details.
An error occurred while executing the command definition. See the inner exception for details.
An error occurred while executing the command definition. See the inner exception for details.
An error occurred while executing the command definition. See the inner exception for details.
An error occurred while executing the command definition. See the inner exception for details.
An error occurred while executing the command definition. See the inner exception for details.
An error occurred while executing the command definition. See the inner exception for details.
An error occurred while executing the command definition. See the inner exception for details.
An error occurred while executing the command definition. See the inner exception for details.
An error occurred while executing the command definition. See the inner exception for details.
f:\Important Files\DocumentFinderForConferenceRelease\Project_94_10_28\Project\testMvcEshop\MvcEshop\Views\Customer\Index.cshtml(20): error CS1977: Cannot use a lambda expression as an argument to a dynamically dispatched operation without first casting it to a delegate or expression tree type
f:\Important Files\DocumentFinderForConferenceRelease\Project_94_10_28\Project\testMvcEshop\MvcEshop\Views\Customer\Index.cshtml(20): error CS1977: Cannot use a lambda expression as an argument to a dynamically dispatched operation without first casting it to a delegate or expression tree type
f:\Important Files\DocumentFinderForConferenceRelease\Project_94_10_28\Project\testMvcEshop\MvcEshop\Views\Customer\Index.cshtml(20): error CS1977: Cannot use a lambda expression as an argument to a dynamically dispatched operation without first casting it to a delegate or expression tree type
f:\Important Files\DocumentFinderForConferenceRelease\Project_94_10_28\Project\testMvcEshop\MvcEshop\Views\Customer\Index.cshtml(20): error CS1977: Cannot use a lambda expression as an argument to a dynamically dispatched operation without first casting it to a delegate or expression tree type
f:\Important Files\DocumentFinderForConferenceRelease\Project_94_10_28\Project\testMvcEshop\MvcEshop\Views\Customer\Index.cshtml(20): error CS1977: Cannot use a lambda expression as an argument to a dynamically dispatched operation without first casting it to a delegate or expression tree type
f:\Important Files\DocumentFinderForConferenceRelease\Project_94_10_28\Project\testMvcEshop\MvcEshop\Views\Customer\Index.cshtml(20): error CS1977: Cannot use a lambda expression as an argument to a dynamically dispatched operation without first casting it to a delegate or expression tree type
f:\Important Files\DocumentFinderForConferenceRelease\Project_94_10_28\Project\testMvcEshop\MvcEshop\Views\Customer\Index.cshtml(20): error CS1977: Cannot use a lambda expression as an argument to a dynamically dispatched operation without first casting it to a delegate or expression tree type
The partial view '_Partial_CustomersSearchResults.cshtml' was not found or no view engine supports the searched locations. The following locations were searched:
~/Views/Report/_Partial_CustomersSearchResults.cshtml.aspx
~/Views/Report/_Partial_CustomersSearchResults.cshtml.ascx
~/Views/Shared/_Partial_CustomersSearchResults.cshtml.aspx
~/Views/Shared/_Partial_CustomersSearchResults.cshtml.ascx
~/Views/Report/_Partial_CustomersSearchResults.cshtml.cshtml
~/Views/Report/_Partial_CustomersSearchResults.cshtml.vbhtml
~/Views/Shared/_Partial_CustomersSearchResults.cshtml.cshtml
~/Views/Shared/_Partial_CustomersSearchResults.cshtml.vbhtml
The partial view '_Partial_CustomersSearchResults.cshtml' was not found or no view engine supports the searched locations. The following locations were searched:
~/Views/Report/_Partial_CustomersSearchResults.cshtml.aspx
~/Views/Report/_Partial_CustomersSearchResults.cshtml.ascx
~/Views/Shared/_Partial_CustomersSearchResults.cshtml.aspx
~/Views/Shared/_Partial_CustomersSearchResults.cshtml.ascx
~/Views/Report/_Partial_CustomersSearchResults.cshtml.cshtml
~/Views/Report/_Partial_CustomersSearchResults.cshtml.vbhtml
~/Views/Shared/_Partial_CustomersSearchResults.cshtml.cshtml
~/Views/Shared/_Partial_CustomersSearchResults.cshtml.vbhtml
The partial view '_Partial_CustomersSearchResults.cshtml' was not found or no view engine supports the searched locations. The following locations were searched:
~/Views/Report/_Partial_CustomersSearchResults.cshtml.aspx
~/Views/Report/_Partial_CustomersSearchResults.cshtml.ascx
~/Views/Shared/_Partial_CustomersSearchResults.cshtml.aspx
~/Views/Shared/_Partial_CustomersSearchResults.cshtml.ascx
~/Views/Report/_Partial_CustomersSearchResults.cshtml.cshtml
~/Views/Report/_Partial_CustomersSearchResults.cshtml.vbhtml
~/Views/Shared/_Partial_CustomersSearchResults.cshtml.cshtml
~/Views/Shared/_Partial_CustomersSearchResults.cshtml.vbhtml
The partial view '_Partial_CustomersSearchResults.cshtml' was not found or no view engine supports the searched locations. The following locations were searched:
~/Views/Report/_Partial_CustomersSearchResults.cshtml.aspx
~/Views/Report/_Partial_CustomersSearchResults.cshtml.ascx
~/Views/Shared/_Partial_CustomersSearchResults.cshtml.aspx
~/Views/Shared/_Partial_CustomersSearchResults.cshtml.ascx
~/Views/Report/_Partial_CustomersSearchResults.cshtml.cshtml
~/Views/Report/_Partial_CustomersSearchResults.cshtml.vbhtml
~/Views/Shared/_Partial_CustomersSearchResults.cshtml.cshtml
~/Views/Shared/_Partial_CustomersSearchResults.cshtml.vbhtml
The partial view '_Partial_CustomersSearchResults.cshtml' was not found or no view engine supports the searched locations. The following locations were searched:
~/Views/Report/_Partial_CustomersSearchResults.cshtml.aspx
~/Views/Report/_Partial_CustomersSearchResults.cshtml.ascx
~/Views/Shared/_Partial_CustomersSearchResults.cshtml.aspx
~/Views/Shared/_Partial_CustomersSearchResults.cshtml.ascx
~/Views/Report/_Partial_CustomersSearchResults.cshtml.cshtml
~/Views/Report/_Partial_CustomersSearchResults.cshtml.vbhtml
~/Views/Shared/_Partial_CustomersSearchResults.cshtml.cshtml
~/Views/Shared/_Partial_CustomersSearchResults.cshtml.vbhtml
f:\Important Files\DocumentFinderForConferenceRelease\Project_94_10_28\Project\testMvcEshop\MvcEshop\Views\Shared\_Partial_PartialView.cshtml(1): error CS1525: Invalid expression term 'string'
f:\Important Files\DocumentFinderForConferenceRelease\Project_94_10_28\Project\testMvcEshop\MvcEshop\Views\Shared\_Partial_PartialView.cshtml(1): error CS1525: Invalid expression term 'string'
The underlying provider failed on Open.
Nullable object must have a value.
Nullable object must have a value.
The view 'Inbox' or its master was not found or no view engine supports the searched locations. The following locations were searched:
~/Views/Report/Inbox.aspx
~/Views/Report/Inbox.ascx
~/Views/Shared/Inbox.aspx
~/Views/Shared/Inbox.ascx
~/Views/Report/Inbox.cshtml
~/Views/Report/Inbox.vbhtml
~/Views/Shared/Inbox.cshtml
~/Views/Shared/Inbox.vbhtml
f:\Important Files\DocumentFinderForConferenceRelease\Project_94_10_28\Project\testMvcEshop\MvcEshop\Views\User\Index.cshtml(64): error CS1026: ) expected
The underlying provider failed on ConnectionString.
Cannot convert null to 'bool' because it is a non-nullable value type
Cannot convert null to 'bool' because it is a non-nullable value type
f:\Important Files\DocumentFinderForConferenceRelease\Project_94_10_28\Project\testMvcEshop\MvcEshop\Views\Assignment\UploadFile.cshtml(112): error CS0411: The type arguments for method 'System.Web.Mvc.Html.ValidationExtensions.ValidationMessageFor<TModel,TProperty>(System.Web.Mvc.HtmlHelper<TModel>, System.Linq.Expressions.Expression<System.Func<TModel,TProperty>>)' cannot be inferred from the usage. Try specifying the type arguments explicitly.
Object reference not set to an instance of an object.
The underlying provider failed on ConnectionString.
f:\Important Files\DocumentFinderForConferenceRelease\Project_94_10_28\Project\testMvcEshop\MvcEshop\Views\Tariff\ShowLastTariffStatus.cshtml(3): error CS1001: Identifier expected
f:\Important Files\DocumentFinderForConferenceRelease\Project_94_10_28\Project\testMvcEshop\MvcEshop\Views\Tariff\ShowLastTariffStatus.cshtml(18): error CS1928: 'System.Web.Mvc.HtmlHelper<MvcEshop.ViewModels.Tariff.ShowLastTariffStatus>' does not contain a definition for 'Label' and the best extension method overload 'System.Web.Mvc.Html.LabelExtensions.Label(System.Web.Mvc.HtmlHelper, string)' has some invalid arguments
f:\Important Files\DocumentFinderForConferenceRelease\Project_94_10_28\Project\testMvcEshop\MvcEshop\Views\Tariff\ShowLastTariffStatus.cshtml(18): error CS1928: 'System.Web.Mvc.HtmlHelper<MvcEshop.ViewModels.Tariff.ShowLastTariffStatus>' does not contain a definition for 'Label' and the best extension method overload 'System.Web.Mvc.Html.LabelExtensions.Label(System.Web.Mvc.HtmlHelper, string)' has some invalid arguments
f:\Important Files\DocumentFinderForConferenceRelease\Project_94_10_28\Project\testMvcEshop\MvcEshop\Views\Tariff\ShowLastTariffStatus.cshtml(18): error CS1928: 'System.Web.Mvc.HtmlHelper<MvcEshop.ViewModels.Tariff.ShowLastTariffStatus>' does not contain a definition for 'Label' and the best extension method overload 'System.Web.Mvc.Html.LabelExtensions.Label(System.Web.Mvc.HtmlHelper, string)' has some invalid arguments
f:\Important Files\DocumentFinderForConferenceRelease\Project_94_10_28\Project\testMvcEshop\MvcEshop\Views\Tariff\ShowLastTariffStatus.cshtml(18): error CS0117: 'Resources.DisplayNames' does not contain a definition for 'IrandocSearchTariffForEveryKB'
f:\Important Files\DocumentFinderForConferenceRelease\Project_94_10_28\Project\testMvcEshop\MvcEshop\Views\Tariff\ShowLastTariffStatus.cshtml(19): error CS0117: 'Resources.DisplayNames' does not contain a definition for 'IrandocSearchTariffForEveryKB'
Nullable object must have a value.
Object reference not set to an instance of an object.
f:\Important Files\DocumentFinderForConferenceRelease\Project_94_10_28\Project\testMvcEshop\MvcEshop\Views\Receipt\Index.cshtml(37): error CS1660: Cannot convert lambda expression to type 'string' because it is not a delegate type
f:\Important Files\DocumentFinderForConferenceRelease\Project_94_10_28\Project\testMvcEshop\MvcEshop\Views\Receipt\Index.cshtml(40): error CS1061: 'MvcEshop.Models.Receipt' does not contain a definition for 'File' and no extension method 'File' accepting a first argument of type 'MvcEshop.Models.Receipt' could be found (are you missing a using directive or an assembly reference?)
Object reference not set to an instance of an object.
Object reference not set to an instance of an object.
The context cannot be used while the model is being created. This exception may be thrown if the context is used inside the OnModelCreating method or if the same context instance is accessed by multiple threads concurrently. Note that instance members of DbContext and related classes are not guaranteed to be thread safe.
The underlying provider failed on Open.
The underlying provider failed on Open.
f:\Important Files\DocumentFinderForConferenceRelease\Project_94_10_28\Project\testMvcEshop\MvcEshop\Views\Report\SendReport.cshtml(20): error CS0117: 'Resources.DisplayNames' does not contain a definition for 'SendTo'
f:\Important Files\DocumentFinderForConferenceRelease\Project_94_10_28\Project\testMvcEshop\MvcEshop\Views\Report\SendReport.cshtml(21): error CS0117: 'Resources.DisplayNames' does not contain a definition for 'SendTo'
f:\Important Files\DocumentFinderForConferenceRelease\Project_94_10_28\Project\testMvcEshop\MvcEshop\Views\Report\SendReport.cshtml(58): error CS0117: 'Resources.DisplayNames' does not contain a definition for 'Name'
The view 'ShowResult' or its master was not found or no view engine supports the searched locations. The following locations were searched:
~/Views/Home/ShowResult.aspx
~/Views/Home/ShowResult.ascx
~/Views/Shared/ShowResult.aspx
~/Views/Shared/ShowResult.ascx
~/Views/Home/ShowResult.cshtml
~/Views/Home/ShowResult.vbhtml
~/Views/Shared/ShowResult.cshtml
~/Views/Shared/ShowResult.vbhtml
The underlying provider failed on Open.
Object reference not set to an instance of an object.
The underlying provider failed on Open.
The underlying provider failed on Open.
f:\Important Files\DocumentFinderForConferenceRelease\Project_94_10_28\Project\testMvcEshop\MvcEshop\Views\PageContent\Index.cshtml(52): error CS1660: Cannot convert lambda expression to type 'string' because it is not a delegate type
The view '<div style="font-size: 10pt; margin-top: 9px;">
    همانندجویی در نوشتار پایان‌نامه‌ها و
    رساله‌ها، گامی در کمک به نگه‌داشت حقوق پدیدآوران و گسترش علم و فناوری و زمینه‌سازی
    برای دسترسی آزاد همگان به اطلاعات است. «همانندجو» با جست‌وجوی خودکار در متن کامل
    پایان‌نامه‌ها و رساله‌های موجود در ایرانداک، نوشته‌های همانند را بازیابی و اندازه‌ی
    همانندی و منبع اطلاعات همانند را نمایش می‌دهد. کاربران گرامی پس از ورود به سامانه،
    می‌توانند نوشته‌های خود را بارگذاری و نتیجه‌ی همانندجویی را در کوتاه‌ترین زمان ممکن
    دریافت کنند. برای آگاهی بیشتر
    <a id="MainContent_HyperLink1" href="about.aspx" class="hyperLink"> درباره‌ی سامانه </a>
    را بخوانید یا با ما
    <a id="MainContent_HyperLink2" href="public/CustomerVoice.aspx" class="hyperLink">
        تماس
    </a>
    بگیرید.
</div>' or its master was not found or no view engine supports the searched locations. The following locations were searched:
~/Views/PageContent/<div style="font-size: 10pt; margin-top: 9px;">
    همانندجویی در نوشتار پایان‌نامه‌ها و
    رساله‌ها، گامی در کمک به نگه‌داشت حقوق پدیدآوران و گسترش علم و فناوری و زمینه‌سازی
    برای دسترسی آزاد همگان به اطلاعات است. «همانندجو» با جست‌وجوی خودکار در متن کامل
    پایان‌نامه‌ها و رساله‌های موجود در ایرانداک، نوشته‌های همانند را بازیابی و اندازه‌ی
    همانندی و منبع اطلاعات همانند را نمایش می‌دهد. کاربران گرامی پس از ورود به سامانه،
    می‌توانند نوشته‌های خود را بارگذاری و نتیجه‌ی همانندجویی را در کوتاه‌ترین زمان ممکن
    دریافت کنند. برای آگاهی بیشتر
    <a id="MainContent_HyperLink1" href="about.aspx" class="hyperLink"> درباره‌ی سامانه </a>
    را بخوانید یا با ما
    <a id="MainContent_HyperLink2" href="public/CustomerVoice.aspx" class="hyperLink">
        تماس
    </a>
    بگیرید.
</div>.aspx
~/Views/PageContent/<div style="font-size: 10pt; margin-top: 9px;">
    همانندجویی در نوشتار پایان‌نامه‌ها و
    رساله‌ها، گامی در کمک به نگه‌داشت حقوق پدیدآوران و گسترش علم و فناوری و زمینه‌سازی
    برای دسترسی آزاد همگان به اطلاعات است. «همانندجو» با جست‌وجوی خودکار در متن کامل
    پایان‌نامه‌ها و رساله‌های موجود در ایرانداک، نوشته‌های همانند را بازیابی و اندازه‌ی
    همانندی و منبع اطلاعات همانند را نمایش می‌دهد. کاربران گرامی پس از ورود به سامانه،
    می‌توانند نوشته‌های خود را بارگذاری و نتیجه‌ی همانندجویی را در کوتاه‌ترین زمان ممکن
    دریافت کنند. برای آگاهی بیشتر
    <a id="MainContent_HyperLink1" href="about.aspx" class="hyperLink"> درباره‌ی سامانه </a>
    را بخوانید یا با ما
    <a id="MainContent_HyperLink2" href="public/CustomerVoice.aspx" class="hyperLink">
        تماس
    </a>
    بگیرید.
</div>.ascx
~/Views/Shared/<div style="font-size: 10pt; margin-top: 9px;">
    همانندجویی در نوشتار پایان‌نامه‌ها و
    رساله‌ها، گامی در کمک به نگه‌داشت حقوق پدیدآوران و گسترش علم و فناوری و زمینه‌سازی
    برای دسترسی آزاد همگان به اطلاعات است. «همانندجو» با جست‌وجوی خودکار در متن کامل
    پایان‌نامه‌ها و رساله‌های موجود در ایرانداک، نوشته‌های همانند را بازیابی و اندازه‌ی
    همانندی و منبع اطلاعات همانند را نمایش می‌دهد. کاربران گرامی پس از ورود به سامانه،
    می‌توانند نوشته‌های خود را بارگذاری و نتیجه‌ی همانندجویی را در کوتاه‌ترین زمان ممکن
    دریافت کنند. برای آگاهی بیشتر
    <a id="MainContent_HyperLink1" href="about.aspx" class="hyperLink"> درباره‌ی سامانه </a>
    را بخوانید یا با ما
    <a id="MainContent_HyperLink2" href="public/CustomerVoice.aspx" class="hyperLink">
        تماس
    </a>
    بگیرید.
</div>.aspx
~/Views/Shared/<div style="font-size: 10pt; margin-top: 9px;">
    همانندجویی در نوشتار پایان‌نامه‌ها و
    رساله‌ها، گامی در کمک به نگه‌داشت حقوق پدیدآوران و گسترش علم و فناوری و زمینه‌سازی
    برای دسترسی آزاد همگان به اطلاعات است. «همانندجو» با جست‌وجوی خودکار در متن کامل
    پایان‌نامه‌ها و رساله‌های موجود در ایرانداک، نوشته‌های همانند را بازیابی و اندازه‌ی
    همانندی و منبع اطلاعات همانند را نمایش می‌دهد. کاربران گرامی پس از ورود به سامانه،
    می‌توانند نوشته‌های خود را بارگذاری و نتیجه‌ی همانندجویی را در کوتاه‌ترین زمان ممکن
    دریافت کنند. برای آگاهی بیشتر
    <a id="MainContent_HyperLink1" href="about.aspx" class="hyperLink"> درباره‌ی سامانه </a>
    را بخوانید یا با ما
    <a id="MainContent_HyperLink2" href="public/CustomerVoice.aspx" class="hyperLink">
        تماس
    </a>
    بگیرید.
</div>.ascx
~/Views/PageContent/<div style="font-size: 10pt; margin-top: 9px;">
    همانندجویی در نوشتار پایان‌نامه‌ها و
    رساله‌ها، گامی در کمک به نگه‌داشت حقوق پدیدآوران و گسترش علم و فناوری و زمینه‌سازی
    برای دسترسی آزاد همگان به اطلاعات است. «همانندجو» با جست‌وجوی خودکار در متن کامل
    پایان‌نامه‌ها و رساله‌های موجود در ایرانداک، نوشته‌های همانند را بازیابی و اندازه‌ی
    همانندی و منبع اطلاعات همانند را نمایش می‌دهد. کاربران گرامی پس از ورود به سامانه،
    می‌توانند نوشته‌های خود را بارگذاری و نتیجه‌ی همانندجویی را در کوتاه‌ترین زمان ممکن
    دریافت کنند. برای آگاهی بیشتر
    <a id="MainContent_HyperLink1" href="about.aspx" class="hyperLink"> درباره‌ی سامانه </a>
    را بخوانید یا با ما
    <a id="MainContent_HyperLink2" href="public/CustomerVoice.aspx" class="hyperLink">
        تماس
    </a>
    بگیرید.
</div>.cshtml
~/Views/PageContent/<div style="font-size: 10pt; margin-top: 9px;">
    همانندجویی در نوشتار پایان‌نامه‌ها و
    رساله‌ها، گامی در کمک به نگه‌داشت حقوق پدیدآوران و گسترش علم و فناوری و زمینه‌سازی
    برای دسترسی آزاد همگان به اطلاعات است. «همانندجو» با جست‌وجوی خودکار در متن کامل
    پایان‌نامه‌ها و رساله‌های موجود در ایرانداک، نوشته‌های همانند را بازیابی و اندازه‌ی
    همانندی و منبع اطلاعات همانند را نمایش می‌دهد. کاربران گرامی پس از ورود به سامانه،
    می‌توانند نوشته‌های خود را بارگذاری و نتیجه‌ی همانندجویی را در کوتاه‌ترین زمان ممکن
    دریافت کنند. برای آگاهی بیشتر
    <a id="MainContent_HyperLink1" href="about.aspx" class="hyperLink"> درباره‌ی سامانه </a>
    را بخوانید یا با ما
    <a id="MainContent_HyperLink2" href="public/CustomerVoice.aspx" class="hyperLink">
        تماس
    </a>
    بگیرید.
</div>.vbhtml
~/Views/Shared/<div style="font-size: 10pt; margin-top: 9px;">
    همانندجویی در نوشتار پایان‌نامه‌ها و
    رساله‌ها، گامی در کمک به نگه‌داشت حقوق پدیدآوران و گسترش علم و فناوری و زمینه‌سازی
    برای دسترسی آزاد همگان به اطلاعات است. «همانندجو» با جست‌وجوی خودکار در متن کامل
    پایان‌نامه‌ها و رساله‌های موجود در ایرانداک، نوشته‌های همانند را بازیابی و اندازه‌ی
    همانندی و منبع اطلاعات همانند را نمایش می‌دهد. کاربران گرامی پس از ورود به سامانه،
    می‌توانند نوشته‌های خود را بارگذاری و نتیجه‌ی همانندجویی را در کوتاه‌ترین زمان ممکن
    دریافت کنند. برای آگاهی بیشتر
    <a id="MainContent_HyperLink1" href="about.aspx" class="hyperLink"> درباره‌ی سامانه </a>
    را بخوانید یا با ما
    <a id="MainContent_HyperLink2" href="public/CustomerVoice.aspx" class="hyperLink">
        تماس
    </a>
    بگیرید.
</div>.cshtml
~/Views/Shared/<div style="font-size: 10pt; margin-top: 9px;">
    همانندجویی در نوشتار پایان‌نامه‌ها و
    رساله‌ها، گامی در کمک به نگه‌داشت حقوق پدیدآوران و گسترش علم و فناوری و زمینه‌سازی
    برای دسترسی آزاد همگان به اطلاعات است. «همانندجو» با جست‌وجوی خودکار در متن کامل
    پایان‌نامه‌ها و رساله‌های موجود در ایرانداک، نوشته‌های همانند را بازیابی و اندازه‌ی
    همانندی و منبع اطلاعات همانند را نمایش می‌دهد. کاربران گرامی پس از ورود به سامانه،
    می‌توانند نوشته‌های خود را بارگذاری و نتیجه‌ی همانندجویی را در کوتاه‌ترین زمان ممکن
    دریافت کنند. برای آگاهی بیشتر
    <a id="MainContent_HyperLink1" href="about.aspx" class="hyperLink"> درباره‌ی سامانه </a>
    را بخوانید یا با ما
    <a id="MainContent_HyperLink2" href="public/CustomerVoice.aspx" class="hyperLink">
        تماس
    </a>
    بگیرید.
</div>.vbhtml
The view 'EditContent' or its master was not found or no view engine supports the searched locations. The following locations were searched:
~/Views/PageContent/EditContent.aspx
~/Views/PageContent/EditContent.ascx
~/Views/Shared/EditContent.aspx
~/Views/Shared/EditContent.ascx
~/Views/PageContent/<div style="font-size: 10pt; margin-top: 9px;">
    همانندجویی در نوشتار پایان‌نامه‌ها و
    رساله‌ها، گامی در کمک به نگه‌داشت حقوق پدیدآوران و گسترش علم و فناوری و زمینه‌سازی
    برای دسترسی آزاد همگان به اطلاعات است. «همانندجو» با جست‌وجوی خودکار در متن کامل
    پایان‌نامه‌ها و رساله‌های موجود در ایرانداک، نوشته‌های همانند را بازیابی و اندازه‌ی
    همانندی و منبع اطلاعات همانند را نمایش می‌دهد. کاربران گرامی پس از ورود به سامانه،
    می‌توانند نوشته‌های خود را بارگذاری و نتیجه‌ی همانندجویی را در کوتاه‌ترین زمان ممکن
    دریافت کنند. برای آگاهی بیشتر
    <a id="MainContent_HyperLink1" href="about.aspx" class="hyperLink"> درباره‌ی سامانه </a>
    را بخوانید یا با ما
    <a id="MainContent_HyperLink2" href="public/CustomerVoice.aspx" class="hyperLink">
        تماس
    </a>
    بگیرید.
</div>.master
~/Views/Shared/<div style="font-size: 10pt; margin-top: 9px;">
    همانندجویی در نوشتار پایان‌نامه‌ها و
    رساله‌ها، گامی در کمک به نگه‌داشت حقوق پدیدآوران و گسترش علم و فناوری و زمینه‌سازی
    برای دسترسی آزاد همگان به اطلاعات است. «همانندجو» با جست‌وجوی خودکار در متن کامل
    پایان‌نامه‌ها و رساله‌های موجود در ایرانداک، نوشته‌های همانند را بازیابی و اندازه‌ی
    همانندی و منبع اطلاعات همانند را نمایش می‌دهد. کاربران گرامی پس از ورود به سامانه،
    می‌توانند نوشته‌های خود را بارگذاری و نتیجه‌ی همانندجویی را در کوتاه‌ترین زمان ممکن
    دریافت کنند. برای آگاهی بیشتر
    <a id="MainContent_HyperLink1" href="about.aspx" class="hyperLink"> درباره‌ی سامانه </a>
    را بخوانید یا با ما
    <a id="MainContent_HyperLink2" href="public/CustomerVoice.aspx" class="hyperLink">
        تماس
    </a>
    بگیرید.
</div>.master
~/Views/PageContent/<div style="font-size: 10pt; margin-top: 9px;">
    همانندجویی در نوشتار پایان‌نامه‌ها و
    رساله‌ها، گامی در کمک به نگه‌داشت حقوق پدیدآوران و گسترش علم و فناوری و زمینه‌سازی
    برای دسترسی آزاد همگان به اطلاعات است. «همانندجو» با جست‌وجوی خودکار در متن کامل
    پایان‌نامه‌ها و رساله‌های موجود در ایرانداک، نوشته‌های همانند را بازیابی و اندازه‌ی
    همانندی و منبع اطلاعات همانند را نمایش می‌دهد. کاربران گرامی پس از ورود به سامانه،
    می‌توانند نوشته‌های خود را بارگذاری و نتیجه‌ی همانندجویی را در کوتاه‌ترین زمان ممکن
    دریافت کنند. برای آگاهی بیشتر
    <a id="MainContent_HyperLink1" href="about.aspx" class="hyperLink"> درباره‌ی سامانه </a>
    را بخوانید یا با ما
    <a id="MainContent_HyperLink2" href="public/CustomerVoice.aspx" class="hyperLink">
        تماس
    </a>
    بگیرید.
</div>.cshtml
~/Views/PageContent/<div style="font-size: 10pt; margin-top: 9px;">
    همانندجویی در نوشتار پایان‌نامه‌ها و
    رساله‌ها، گامی در کمک به نگه‌داشت حقوق پدیدآوران و گسترش علم و فناوری و زمینه‌سازی
    برای دسترسی آزاد همگان به اطلاعات است. «همانندجو» با جست‌وجوی خودکار در متن کامل
    پایان‌نامه‌ها و رساله‌های موجود در ایرانداک، نوشته‌های همانند را بازیابی و اندازه‌ی
    همانندی و منبع اطلاعات همانند را نمایش می‌دهد. کاربران گرامی پس از ورود به سامانه،
    می‌توانند نوشته‌های خود را بارگذاری و نتیجه‌ی همانندجویی را در کوتاه‌ترین زمان ممکن
    دریافت کنند. برای آگاهی بیشتر
    <a id="MainContent_HyperLink1" href="about.aspx" class="hyperLink"> درباره‌ی سامانه </a>
    را بخوانید یا با ما
    <a id="MainContent_HyperLink2" href="public/CustomerVoice.aspx" class="hyperLink">
        تماس
    </a>
    بگیرید.
</div>.vbhtml
~/Views/Shared/<div style="font-size: 10pt; margin-top: 9px;">
    همانندجویی در نوشتار پایان‌نامه‌ها و
    رساله‌ها، گامی در کمک به نگه‌داشت حقوق پدیدآوران و گسترش علم و فناوری و زمینه‌سازی
    برای دسترسی آزاد همگان به اطلاعات است. «همانندجو» با جست‌وجوی خودکار در متن کامل
    پایان‌نامه‌ها و رساله‌های موجود در ایرانداک، نوشته‌های همانند را بازیابی و اندازه‌ی
    همانندی و منبع اطلاعات همانند را نمایش می‌دهد. کاربران گرامی پس از ورود به سامانه،
    می‌توانند نوشته‌های خود را بارگذاری و نتیجه‌ی همانندجویی را در کوتاه‌ترین زمان ممکن
    دریافت کنند. برای آگاهی بیشتر
    <a id="MainContent_HyperLink1" href="about.aspx" class="hyperLink"> درباره‌ی سامانه </a>
    را بخوانید یا با ما
    <a id="MainContent_HyperLink2" href="public/CustomerVoice.aspx" class="hyperLink">
        تماس
    </a>
    بگیرید.
</div>.cshtml
~/Views/Shared/<div style="font-size: 10pt; margin-top: 9px;">
    همانندجویی در نوشتار پایان‌نامه‌ها و
    رساله‌ها، گامی در کمک به نگه‌داشت حقوق پدیدآوران و گسترش علم و فناوری و زمینه‌سازی
    برای دسترسی آزاد همگان به اطلاعات است. «همانندجو» با جست‌وجوی خودکار در متن کامل
    پایان‌نامه‌ها و رساله‌های موجود در ایرانداک، نوشته‌های همانند را بازیابی و اندازه‌ی
    همانندی و منبع اطلاعات همانند را نمایش می‌دهد. کاربران گرامی پس از ورود به سامانه،
    می‌توانند نوشته‌های خود را بارگذاری و نتیجه‌ی همانندجویی را در کوتاه‌ترین زمان ممکن
    دریافت کنند. برای آگاهی بیشتر
    <a id="MainContent_HyperLink1" href="about.aspx" class="hyperLink"> درباره‌ی سامانه </a>
    را بخوانید یا با ما
    <a id="MainContent_HyperLink2" href="public/CustomerVoice.aspx" class="hyperLink">
        تماس
    </a>
    بگیرید.
</div>.vbhtml
The explicit expression block is missing a closing ")" character.  Make sure you have a matching ")" character for all the "(" characters within this block, and that none of the ")" characters are being interpreted as markup.

The view '1' or its master was not found or no view engine supports the searched locations. The following locations were searched:
~/Views/testroles/1.aspx
~/Views/testroles/1.ascx
~/Views/Shared/1.aspx
~/Views/Shared/1.ascx
~/Views/testroles/1.cshtml
~/Views/testroles/1.vbhtml
~/Views/Shared/1.cshtml
~/Views/Shared/1.vbhtml
The parameters dictionary contains a null entry for parameter 'pageId' of non-nullable type 'System.Int32' for method 'System.Web.Mvc.ActionResult TestView(Int32)' in 'MvcEshop.Controllers.TestRolesController'. An optional parameter must be a reference type, a nullable type, or be declared as an optional parameter.
Parameter name: parameters
The underlying provider failed on Open.
Object reference not set to an instance of an object.
Object reference not set to an instance of an object.
Object reference not set to an instance of an object.
Object reference not set to an instance of an object.
Object reference not set to an instance of an object.
Object reference not set to an instance of an object.
Object reference not set to an instance of an object.
Object reference not set to an instance of an object.
Object reference not set to an instance of an object.
Object reference not set to an instance of an object.
f:\Important Files\DocumentFinderForConferenceRelease\Project_94_10_28\Project\testMvcEshop\MvcEshop\Views\User\Index.cshtml(71): error CS1660: Cannot convert lambda expression to type 'string' because it is not a delegate type
f:\Important Files\DocumentFinderForConferenceRelease\Project_94_10_28\Project\testMvcEshop\MvcEshop\Views\User\Index.cshtml(73): error CS1660: Cannot convert lambda expression to type 'string' because it is not a delegate type
f:\Important Files\DocumentFinderForConferenceRelease\Project_94_10_28\Project\testMvcEshop\MvcEshop\Views\User\Index.cshtml(73): error CS1660: Cannot convert lambda expression to type 'string' because it is not a delegate type
f:\Important Files\DocumentFinderForConferenceRelease\Project_94_10_28\Project\testMvcEshop\MvcEshop\Views\User\Index.cshtml(73): error CS1660: Cannot convert lambda expression to type 'string' because it is not a delegate type
f:\Important Files\DocumentFinderForConferenceRelease\Project_94_10_28\Project\testMvcEshop\MvcEshop\Views\User\Index.cshtml(73): error CS1660: Cannot convert lambda expression to type 'string' because it is not a delegate type
The underlying provider failed on Open.
Encountered end tag "div" with no matching start tag.  Are your start/end tags properly balanced?

The underlying provider failed on Open.
The provided anti-forgery token was meant for user "mohammad.parsi@yahoo.com", but the current user is "".
The provided anti-forgery token was meant for user "mohammad.parsi@yahoo.com", but the current user is "".
f:\Important Files\DocumentFinderForConferenceRelease\Project_94_10_28\Project\testMvcEshop\MvcEshop\Views\Assignment\ReceivedReports.cshtml(19): error CS0117: 'Resources.DisplayNames' does not contain a definition for 'Applicant'
The provided anti-forgery token was meant for user "mohammadparsi@rocketmail.com", but the current user is "".
Some Unexpected Error...
f:\Important Files\DocumentFinderForConferenceRelease\Project_94_10_28\Project\testMvcEshop\MvcEshop\Views\Shared\_Layout.cshtml(227): error CS0103: The name 'strCurrentSiteMap' does not exist in the current context
The underlying provider failed on Open.
Some Unexpected Error...
